<?xml version="1.0" encoding="UTF-8"?>
<!-- Generated by org.testng.reporters.JUnitReportReporter -->
<testsuite hostname="DESKTOP-IJC4RIS" failures="0" tests="2" name="com.TestNG.SampleTest" time="2.394" errors="0" timestamp="2023-09-25T13:41:50 IST" skipped="0">
  <testcase classname="com.TestNG.SampleTest" name="sample" time="1.392"/>
  <system-out/>
  <testcase classname="com.TestNG.SampleTest" name="sampleReg" time="1.002"/>
  <system-out/>
</testsuite> <!-- com.TestNG.SampleTest -->
