<?xml version="1.0" encoding="UTF-8"?>
<!-- Generated by org.testng.reporters.JUnitReportReporter -->
<testsuite hostname="DESKTOP-IJC4RIS" failures="0" tests="1" name="assignment.ReadDataFromCmdTest" time="6.187" errors="0" timestamp="2023-09-06T15:01:27 IST" skipped="0">
  <testcase classname="assignment.ReadDataFromCmdTest" name="cmdTest" time="6.187"/>
  <system-out/>
</testsuite> <!-- assignment.ReadDataFromCmdTest -->
