<?xml version="1.0" encoding="UTF-8"?>
<!-- Generated by org.testng.reporters.JUnitReportReporter -->
<testsuite hostname="DESKTOP-IJC4RIS" failures="0" tests="3" name="com.TestNG.DataExecutionTest" time="0.014" errors="0" timestamp="2023-09-15T16:01:31 IST" skipped="0">
  <testcase classname="com.TestNG.DataExecutionTest" name="readData" time="0.002"/>
  <system-out/>
  <testcase classname="com.TestNG.DataExecutionTest" name="readData" time="0.011"/>
  <system-out/>
  <testcase classname="com.TestNG.DataExecutionTest" name="readData" time="0.001"/>
  <system-out/>
</testsuite> <!-- com.TestNG.DataExecutionTest -->
