<?xml version="1.0" encoding="UTF-8"?>
<!-- Generated by org.testng.reporters.JUnitReportReporter -->
<testsuite hostname="DESKTOP-IJC4RIS" failures="0" tests="1" name="com.TestNG.SimpleTest" time="1.486" errors="0" timestamp="2023-09-25T13:41:50 IST" skipped="0">
  <testcase classname="com.TestNG.SimpleTest" name="simpleTest" time="1.486"/>
  <system-out/>
</testsuite> <!-- com.TestNG.SimpleTest -->
