<?xml version="1.0" encoding="UTF-8"?>
<!-- Generated by org.testng.reporters.JUnitReportReporter -->
<testsuite hostname="DESKTOP-IJC4RIS" failures="0" tests="1" name="com.TestNG.DemoTest" time="1.195" errors="0" timestamp="2023-09-25T13:41:50 IST" skipped="0">
  <testcase classname="com.TestNG.DemoTest" name="demoTest" time="1.195"/>
  <system-out/>
</testsuite> <!-- com.TestNG.DemoTest -->
