<?xml version="1.0" encoding="UTF-8"?>
<!-- Generated by org.testng.reporters.JUnitReportReporter -->
<testsuite hostname="DESKTOP-IJC4RIS" failures="0" tests="3" name="com.TestNG.DataProviderTest" time="0.019" errors="0" timestamp="2023-09-15T12:56:00 IST" skipped="0">
  <testcase classname="com.TestNG.DataProviderTest" name="getMobiles" time="0.003"/>
  <system-out/>
  <testcase classname="com.TestNG.DataProviderTest" name="getMobiles" time="0.005"/>
  <system-out/>
  <testcase classname="com.TestNG.DataProviderTest" name="getMobiles" time="0.011"/>
  <system-out/>
</testsuite> <!-- com.TestNG.DataProviderTest -->
