<?xml version="1.0" encoding="UTF-8"?>
<!-- Generated by org.testng.reporters.JUnitReportReporter -->
<testsuite hostname="DESKTOP-IJC4RIS" failures="0" tests="1" name="com.TestNG.Annotation" time="0.010" errors="0" timestamp="2023-09-19T09:56:05 IST" skipped="0">
  <testcase classname="com.TestNG.Annotation" name="executeTest" time="0.010"/>
  <system-out/>
</testsuite> <!-- com.TestNG.Annotation -->
